<?xml version="1.0" encoding="UTF-8"?>
<testng-results skipped="0" failed="0" ignored="0" total="1" passed="1">
  <reporter-output>
  </reporter-output>
  <suite name="Default suite" duration-ms="243" started-at="2022-10-08T18:50:36 IST" finished-at="2022-10-08T18:50:37 IST">
    <groups>
    </groups>
    <test name="Default test" duration-ms="243" started-at="2022-10-08T18:50:36 IST" finished-at="2022-10-08T18:50:37 IST">
      <class name="com.api_testing.Validate_Json">
        <test-method status="PASS" signature="json_Validate()[pri:0, instance:com.api_testing.Validate_Json@52e6fdee]" name="json_Validate" duration-ms="104" started-at="2022-10-08T18:50:36 IST" finished-at="2022-10-08T18:50:37 IST">
          <reporter-output>
          </reporter-output>
        </test-method> <!-- json_Validate -->
      </class> <!-- com.api_testing.Validate_Json -->
    </test> <!-- Default test -->
  </suite> <!-- Default suite -->
</testng-results>
